mode: set
github.com/mshto/fruit-store/logger/logger.go:14.49,16.16 2 1
github.com/mshto/fruit-store/logger/logger.go:20.2,29.17 4 1
github.com/mshto/fruit-store/logger/logger.go:16.16,18.3 1 1
github.com/mshto/fruit-store/database/database.go:29.40,32.16 3 1
github.com/mshto/fruit-store/database/database.go:36.2,39.36 3 1
github.com/mshto/fruit-store/database/database.go:32.16,34.3 1 1
github.com/mshto/fruit-store/config/config.go:42.63,45.16 3 1
github.com/mshto/fruit-store/config/config.go:48.2,49.16 2 1
github.com/mshto/fruit-store/config/config.go:53.2,54.16 2 1
github.com/mshto/fruit-store/config/config.go:57.2,58.16 2 1
github.com/mshto/fruit-store/config/config.go:62.2,65.20 3 1
github.com/mshto/fruit-store/config/config.go:45.16,47.3 1 1
github.com/mshto/fruit-store/config/config.go:49.16,51.3 1 1
github.com/mshto/fruit-store/config/config.go:54.16,56.3 1 1
github.com/mshto/fruit-store/config/config.go:58.16,60.3 1 1
github.com/mshto/fruit-store/config/config.go:69.32,73.2 2 1
github.com/mshto/fruit-store/config/config.go:76.43,79.2 1 1
github.com/mshto/fruit-store/repository/product.go:15.38,19.2 1 1
github.com/mshto/fruit-store/repository/product.go:30.61,34.16 3 1
github.com/mshto/fruit-store/repository/product.go:37.2,39.18 2 1
github.com/mshto/fruit-store/repository/product.go:47.2,47.22 1 1
github.com/mshto/fruit-store/repository/product.go:34.16,36.3 1 1
github.com/mshto/fruit-store/repository/product.go:39.18,42.17 3 1
github.com/mshto/fruit-store/repository/product.go:45.3,45.33 1 1
github.com/mshto/fruit-store/repository/product.go:42.17,44.4 1 1
github.com/mshto/fruit-store/repository/repo.go:8.34,15.2 1 1
github.com/mshto/fruit-store/repository/auth.go:16.31,20.2 1 1
github.com/mshto/fruit-store/repository/auth.go:33.82,36.26 3 1
github.com/mshto/fruit-store/repository/auth.go:39.2,39.20 1 1
github.com/mshto/fruit-store/repository/auth.go:36.26,38.3 1 1
github.com/mshto/fruit-store/repository/auth.go:43.62,45.16 2 1
github.com/mshto/fruit-store/repository/auth.go:48.2,48.12 1 1
github.com/mshto/fruit-store/repository/auth.go:52.2,53.12 2 1
github.com/mshto/fruit-store/repository/auth.go:45.16,47.3 1 1
github.com/mshto/fruit-store/repository/auth.go:48.12,50.3 1 1
github.com/mshto/fruit-store/repository/auth.go:56.64,60.2 3 1
github.com/mshto/fruit-store/repository/cart.go:21.38,25.2 1 1
github.com/mshto/fruit-store/repository/cart.go:41.95,45.16 3 1
github.com/mshto/fruit-store/repository/cart.go:49.2,51.18 2 1
github.com/mshto/fruit-store/repository/cart.go:59.2,59.22 1 1
github.com/mshto/fruit-store/repository/cart.go:45.16,47.3 1 1
github.com/mshto/fruit-store/repository/cart.go:51.18,54.17 3 1
github.com/mshto/fruit-store/repository/cart.go:57.3,57.33 1 1
github.com/mshto/fruit-store/repository/cart.go:54.17,56.4 1 1
github.com/mshto/fruit-store/repository/cart.go:63.95,65.2 1 1
github.com/mshto/fruit-store/repository/cart.go:68.83,70.2 1 1
github.com/mshto/fruit-store/repository/cart.go:73.71,76.2 2 1
github.com/mshto/fruit-store/repository/cart.go:79.83,82.2 2 1
github.com/mshto/fruit-store/repository/discount.go:18.39,22.2 1 1
github.com/mshto/fruit-store/repository/discount.go:39.85,44.16 4 1
github.com/mshto/fruit-store/repository/discount.go:47.2,47.13 1 1
github.com/mshto/fruit-store/repository/discount.go:51.2,52.16 2 1
github.com/mshto/fruit-store/repository/discount.go:56.2,57.18 2 1
github.com/mshto/fruit-store/repository/discount.go:44.16,46.3 1 1
github.com/mshto/fruit-store/repository/discount.go:47.13,49.3 1 1
github.com/mshto/fruit-store/repository/discount.go:52.16,54.3 1 1
github.com/mshto/fruit-store/repository/discount.go:60.66,63.2 2 1
github.com/mshto/fruit-store/repository/discount.go:65.70,69.2 3 1
github.com/mshto/fruit-store/web/router.go:21.111,53.2 22 1
github.com/mshto/fruit-store/cache/redis.go:30.37,43.2 4 1
github.com/mshto/fruit-store/cache/redis.go:46.49,49.22 2 1
github.com/mshto/fruit-store/cache/redis.go:53.2,53.19 1 1
github.com/mshto/fruit-store/cache/redis.go:49.22,51.3 1 1
github.com/mshto/fruit-store/cache/redis.go:57.77,60.2 1 1
github.com/mshto/fruit-store/cache/redis.go:63.39,65.34 2 1
github.com/mshto/fruit-store/cache/redis.go:68.2,68.12 1 1
github.com/mshto/fruit-store/cache/redis.go:65.34,67.3 1 1
