mode: set
github.com/mshto/fruit-store/logger/logger.go:17.49,19.16 2 0
github.com/mshto/fruit-store/logger/logger.go:23.2,24.16 2 0
github.com/mshto/fruit-store/logger/logger.go:28.2,37.8 1 0
github.com/mshto/fruit-store/logger/logger.go:19.16,21.3 1 0
github.com/mshto/fruit-store/logger/logger.go:24.16,26.3 1 0
github.com/mshto/fruit-store/config/config.go:26.46,29.16 3 1
github.com/mshto/fruit-store/config/config.go:32.2,33.16 2 1
github.com/mshto/fruit-store/config/config.go:36.2,37.16 2 1
github.com/mshto/fruit-store/config/config.go:40.2,40.20 1 1
github.com/mshto/fruit-store/config/config.go:29.16,31.3 1 1
github.com/mshto/fruit-store/config/config.go:33.16,35.3 1 1
github.com/mshto/fruit-store/config/config.go:37.16,39.3 1 1
github.com/mshto/fruit-store/config/config.go:44.32,48.2 2 1
